2026-04-20 12:31:23,336 - BatchSimulator - INFO - Loaded credentials from config file: /workspace/brain-sim-alphas-batch-track/configs/config.json
2026-04-20 12:31:23,337 - BatchSimulator - INFO - Using output CSV: /workspace/brain-sim-alphas-batch-track/outputs/simulation_status_opt.csv
2026-04-20 12:31:24,305 - BatchSimulator - INFO - No existing state file found at /workspace/brain-sim-alphas-batch-track/outputs/simulation_status_opt.csv. Starting fresh.
2026-04-20 12:31:24,305 - BatchSimulator - INFO - Starting simulation run for 8 alphas. Batch size: 3, Workers: 2
2026-04-20 12:31:24,305 - BatchSimulator - INFO - Resume check: recognized 0/8 completed from /workspace/brain-sim-alphas-batch-track/outputs/simulation_status_opt.csv; pending 8.
2026-04-20 12:31:24,306 - BatchSimulator - INFO - Submitting batch of 3 alphas...
2026-04-20 12:31:24,306 - BatchSimulator - INFO - Submitting batch of 3 alphas...
2026-04-20 12:31:25,498 - BatchSimulator - WARNING - Batch submission throttled (attempt 1/8): CONCURRENT_SIMULATION_LIMIT_EXCEEDED. Retry in 20s
2026-04-20 12:31:25,732 - BatchSimulator - WARNING - Batch submission throttled (attempt 1/8): CONCURRENT_SIMULATION_LIMIT_EXCEEDED. Retry in 20s
2026-04-20 12:31:45,997 - BatchSimulator - WARNING - Batch submission throttled (attempt 2/8): CONCURRENT_SIMULATION_LIMIT_EXCEEDED. Retry in 30s
2026-04-20 12:31:46,022 - BatchSimulator - INFO - Waiting for batch to spawn children (https://api.worldquantbrain.com/simulations/4blbY2f6k4FWbbB1cvoJmSkt)...
2026-04-20 12:32:16,535 - BatchSimulator - WARNING - Batch submission throttled (attempt 3/8): CONCURRENT_SIMULATION_LIMIT_EXCEEDED. Retry in 40s
2026-04-20 12:32:56,802 - BatchSimulator - WARNING - Batch submission throttled (attempt 4/8): CONCURRENT_SIMULATION_LIMIT_EXCEEDED. Retry in 50s
2026-04-20 12:33:47,761 - BatchSimulator - WARNING - Batch submission throttled (attempt 5/8): CONCURRENT_SIMULATION_LIMIT_EXCEEDED. Retry in 60s
2026-04-20 12:34:18,435 - BatchSimulator - INFO - Batch spawned 3 children. Polling individually...
2026-04-20 12:34:20,178 - BatchSimulator - INFO - Submitting batch of 2 alphas...
2026-04-20 12:34:20,665 - BatchSimulator - INFO - Waiting for batch to spawn children (https://api.worldquantbrain.com/simulations/30qJNJdRZ55s8RLublcZlt7)...
2026-04-20 12:34:48,049 - BatchSimulator - INFO - Waiting for batch to spawn children (https://api.worldquantbrain.com/simulations/Np23oesD4sR9BhYytsxPyu)...
2026-04-20 12:35:42,369 - BatchSimulator - INFO - Batch spawned 2 children. Polling individually...
2026-04-20 12:37:20,341 - BatchSimulator - INFO - Batch spawned 3 children. Polling individually...
2026-04-20 12:37:22,085 - BatchSimulator - INFO - All batches processed. Run summary -> skipped: 0, submitted: 8, completed: 8, failed: 0
