2026-04-20 09:31:42,262 - BatchSimulator - INFO - Loaded credentials from config file: /workspace/brain-sim-alphas-batch-track/configs/config.json
2026-04-20 09:31:42,263 - BatchSimulator - INFO - Using output CSV: /workspace/brain-sim-alphas-batch-track/outputs/simulation_status_grid.csv
2026-04-20 09:31:43,331 - BatchSimulator - INFO - No existing state file found at /workspace/brain-sim-alphas-batch-track/outputs/simulation_status_grid.csv. Starting fresh.
2026-04-20 09:31:43,332 - BatchSimulator - INFO - Starting simulation run for 27 alphas. Batch size: 3, Workers: 2
2026-04-20 09:31:43,332 - BatchSimulator - INFO - Resume check: recognized 0/27 completed from /workspace/brain-sim-alphas-batch-track/outputs/simulation_status_grid.csv; pending 27.
2026-04-20 09:31:43,333 - BatchSimulator - INFO - Submitting batch of 3 alphas...
2026-04-20 09:31:43,333 - BatchSimulator - INFO - Submitting batch of 3 alphas...
2026-04-20 09:31:44,349 - BatchSimulator - INFO - Waiting for batch to spawn children (https://api.worldquantbrain.com/simulations/TbDNO6F04NkaUeFNJxy1wy)...
2026-04-20 09:31:44,500 - BatchSimulator - INFO - Waiting for batch to spawn children (https://api.worldquantbrain.com/simulations/3OYxxwaz14nVaQG5Ouj8MY9)...
2026-04-20 09:33:13,841 - BatchSimulator - INFO - Batch spawned 3 children. Polling individually...
2026-04-20 09:33:15,683 - BatchSimulator - INFO - Submitting batch of 3 alphas...
2026-04-20 09:33:20,069 - BatchSimulator - INFO - Waiting for batch to spawn children (https://api.worldquantbrain.com/simulations/1pL4Yd4tc4GGcx919PFom4Tk)...
2026-04-20 09:34:22,854 - BatchSimulator - INFO - Batch spawned 3 children. Polling individually...
2026-04-20 09:34:24,637 - BatchSimulator - INFO - Submitting batch of 3 alphas...
2026-04-20 09:34:25,134 - BatchSimulator - INFO - Waiting for batch to spawn children (https://api.worldquantbrain.com/simulations/dZwdxerV5cOchkZirfboaY)...
2026-04-20 09:35:58,308 - BatchSimulator - INFO - Batch spawned 3 children. Polling individually...
2026-04-20 09:36:00,019 - BatchSimulator - INFO - Submitting batch of 3 alphas...
2026-04-20 09:36:00,524 - BatchSimulator - INFO - Waiting for batch to spawn children (https://api.worldquantbrain.com/simulations/4on1oFgY04q5bArpJ0MiCYV)...
2026-04-20 09:36:58,327 - BatchSimulator - INFO - Batch spawned 3 children. Polling individually...
2026-04-20 09:37:03,554 - BatchSimulator - INFO - Submitting batch of 3 alphas...
2026-04-20 09:37:04,073 - BatchSimulator - INFO - Waiting for batch to spawn children (https://api.worldquantbrain.com/simulations/1HtyqYey556Ramu17Fxe1l6o)...
2026-04-20 09:39:10,370 - BatchSimulator - INFO - Batch spawned 3 children. Polling individually...
2026-04-20 09:39:12,184 - BatchSimulator - INFO - Submitting batch of 3 alphas...
2026-04-20 09:39:12,697 - BatchSimulator - INFO - Waiting for batch to spawn children (https://api.worldquantbrain.com/simulations/rqRaVbgW53pa0eowxbsHzW)...
2026-04-20 09:40:20,050 - BatchSimulator - INFO - Batch spawned 3 children. Polling individually...
2026-04-20 09:40:21,792 - BatchSimulator - INFO - Submitting batch of 3 alphas...
2026-04-20 09:40:22,132 - BatchSimulator - INFO - Waiting for batch to spawn children (https://api.worldquantbrain.com/simulations/CoLZwBR5jeal21d8gV99h0)...
2026-04-20 09:42:01,334 - BatchSimulator - INFO - Batch spawned 3 children. Polling individually...
2026-04-20 09:42:04,426 - BatchSimulator - INFO - Submitting batch of 3 alphas...
2026-04-20 09:42:04,926 - BatchSimulator - INFO - Waiting for batch to spawn children (https://api.worldquantbrain.com/simulations/3WKyT6b6U57OaOH16UkWXhnD)...
2026-04-20 09:42:56,947 - BatchSimulator - INFO - Batch spawned 3 children. Polling individually...
2026-04-20 09:43:39,509 - BatchSimulator - INFO - Batch spawned 3 children. Polling individually...
2026-04-20 09:43:41,205 - BatchSimulator - INFO - All batches processed. Run summary -> skipped: 0, submitted: 27, completed: 27, failed: 0
